# JRE version: OpenJDK Runtime Environment (8.0_252-b09) (build 1.8.0_252-8u252-b09-1~18.04-b09)
# Java VM: OpenJDK 64-Bit Server VM (25.252-b09 mixed mode linux-amd64 compressed oops)
Heap:
 PSYoungGen      total 268288K, used 7719K [0x000000076d180000, 0x000000077e180000, 0x00000007c0000000)
  eden space 258048K, 0% used [0x000000076d180000,0x000000076d180000,0x000000077cd80000)
  from space 10240K, 75% used [0x000000077cd80000,0x000000077d509cd0,0x000000077d780000)
  to   space 10240K, 0% used [0x000000077d780000,0x000000077d780000,0x000000077e180000)
 ParOldGen       total 171008K, used 40K [0x00000006c7400000, 0x00000006d1b00000, 0x000000076d180000)
  object space 171008K, 0% used [0x00000006c7400000,0x00000006c740a000,0x00000006d1b00000)
 Metaspace       used 20330K, capacity 21246K, committed 21296K, reserved 1067008K
  class space    used 2611K, capacity 2843K, committed 2864K, reserved 1048576K
GC Heap History (9 events):
Event: 0,861 GC heap before
{Heap before GC invocations=1 (full 0):
 PSYoungGen      total 74752K, used 64512K [0x000000076d180000, 0x0000000772480000, 0x00000007c0000000)
  eden space 64512K, 100% used [0x000000076d180000,0x0000000771080000,0x0000000771080000)
  from space 10240K, 0% used [0x0000000771a80000,0x0000000771a80000,0x0000000772480000)
  to   space 10240K, 0% used [0x0000000771080000,0x0000000771080000,0x0000000771a80000)
 ParOldGen       total 171008K, used 0K [0x00000006c7400000, 0x00000006d1b00000, 0x000000076d180000)
  object space 171008K, 0% used [0x00000006c7400000,0x00000006c7400000,0x00000006d1b00000)
 Metaspace       used 10011K, capacity 10276K, committed 10496K, reserved 1058816K
  class space    used 1172K, capacity 1256K, committed 1280K, reserved 1048576K
Event: 0,880 GC heap after
Heap after GC invocations=1 (full 0):
 PSYoungGen      total 74752K, used 4740K [0x000000076d180000, 0x0000000776380000, 0x00000007c0000000)
  eden space 64512K, 0% used [0x000000076d180000,0x000000076d180000,0x0000000771080000)
  from space 10240K, 46% used [0x0000000771080000,0x0000000771521288,0x0000000771a80000)
  to   space 10240K, 0% used [0x0000000775980000,0x0000000775980000,0x0000000776380000)
 ParOldGen       total 171008K, used 8K [0x00000006c7400000, 0x00000006d1b00000, 0x000000076d180000)
  object space 171008K, 0% used [0x00000006c7400000,0x00000006c7402000,0x00000006d1b00000)
 Metaspace       used 10011K, capacity 10276K, committed 10496K, reserved 1058816K
  class space    used 1172K, capacity 1256K, committed 1280K, reserved 1048576K
}
Event: 1,420 GC heap before
{Heap before GC invocations=2 (full 0):
 PSYoungGen      total 74752K, used 69252K [0x000000076d180000, 0x0000000776380000, 0x00000007c0000000)
  eden space 64512K, 100% used [0x000000076d180000,0x0000000771080000,0x0000000771080000)
  from space 10240K, 46% used [0x0000000771080000,0x0000000771521288,0x0000000771a80000)
  to   space 10240K, 0% used [0x0000000775980000,0x0000000775980000,0x0000000776380000)
 ParOldGen       total 171008K, used 8K [0x00000006c7400000, 0x00000006d1b00000, 0x000000076d180000)
  object space 171008K, 0% used [0x00000006c7400000,0x00000006c7402000,0x00000006d1b00000)
 Metaspace       used 16953K, capacity 17634K, committed 17792K, reserved 1064960K
  class space    used 2142K, capacity 2328K, committed 2432K, reserved 1048576K
Event: 1,431 GC heap after
Heap after GC invocations=2 (full 0):
 PSYoungGen      total 139264K, used 9294K [0x000000076d180000, 0x0000000776380000, 0x00000007c0000000)
  eden space 129024K, 0% used [0x000000076d180000,0x000000076d180000,0x0000000774f80000)
  from space 10240K, 90% used [0x0000000775980000,0x0000000776293830,0x0000000776380000)
  to   space 10240K, 0% used [0x0000000774f80000,0x0000000774f80000,0x0000000775980000)
 ParOldGen       total 171008K, used 16K [0x00000006c7400000, 0x00000006d1b00000, 0x000000076d180000)
  object space 171008K, 0% used [0x00000006c7400000,0x00000006c7404000,0x00000006d1b00000)
 Metaspace       used 16953K, capacity 17634K, committed 17792K, reserved 1064960K
  class space    used 2142K, capacity 2328K, committed 2432K, reserved 1048576K
}
Event: 1,898 GC heap before
{Heap before GC invocations=3 (full 0):
 PSYoungGen      total 139264K, used 138318K [0x000000076d180000, 0x0000000776380000, 0x00000007c0000000)
  eden space 129024K, 100% used [0x000000076d180000,0x0000000774f80000,0x0000000774f80000)
  from space 10240K, 90% used [0x0000000775980000,0x0000000776293830,0x0000000776380000)
  to   space 10240K, 0% used [0x0000000774f80000,0x0000000774f80000,0x0000000775980000)
 ParOldGen       total 171008K, used 16K [0x00000006c7400000, 0x00000006d1b00000, 0x000000076d180000)
  object space 171008K, 0% used [0x00000006c7400000,0x00000006c7404000,0x00000006d1b00000)
 Metaspace       used 19005K, capacity 19856K, committed 20096K, reserved 1067008K
  class space    used 2411K, capacity 2616K, committed 2688K, reserved 1048576K
Event: 1,923 GC heap after
Heap after GC invocations=3 (full 0):
 PSYoungGen      total 139264K, used 8035K [0x000000076d180000, 0x000000077e180000, 0x00000007c0000000)
  eden space 129024K, 0% used [0x000000076d180000,0x000000076d180000,0x0000000774f80000)
  from space 10240K, 78% used [0x0000000774f80000,0x0000000775758e48,0x0000000775980000)
  to   space 10240K, 0% used [0x000000077d780000,0x000000077d780000,0x000000077e180000)
 ParOldGen       total 171008K, used 24K [0x00000006c7400000, 0x00000006d1b00000, 0x000000076d180000)
  object space 171008K, 0% used [0x00000006c7400000,0x00000006c7406000,0x00000006d1b00000)
 Metaspace       used 19005K, capacity 19856K, committed 20096K, reserved 1067008K
  class space    used 2411K, capacity 2616K, committed 2688K, reserved 1048576K
}
Event: 2,064 GC heap before
{Heap before GC invocations=4 (full 0):
 PSYoungGen      total 139264K, used 137059K [0x000000076d180000, 0x000000077e180000, 0x00000007c0000000)
  eden space 129024K, 100% used [0x000000076d180000,0x0000000774f80000,0x0000000774f80000)
  from space 10240K, 78% used [0x0000000774f80000,0x0000000775758e48,0x0000000775980000)
  to   space 10240K, 0% used [0x000000077d780000,0x000000077d780000,0x000000077e180000)
 ParOldGen       total 171008K, used 24K [0x00000006c7400000, 0x00000006d1b00000, 0x000000076d180000)
  object space 171008K, 0% used [0x00000006c7400000,0x00000006c7406000,0x00000006d1b00000)
 Metaspace       used 19134K, capacity 19992K, committed 20096K, reserved 1067008K
  class space    used 2439K, capacity 2658K, committed 2688K, reserved 1048576K
Event: 2,072 GC heap after
Heap after GC invocations=4 (full 0):
 PSYoungGen      total 268288K, used 6648K [0x000000076d180000, 0x000000077e180000, 0x00000007c0000000)
  eden space 258048K, 0% used [0x000000076d180000,0x000000076d180000,0x000000077cd80000)
  from space 10240K, 64% used [0x000000077d780000,0x000000077ddfe100,0x000000077e180000)
  to   space 10240K, 0% used [0x000000077cd80000,0x000000077cd80000,0x000000077d780000)
 ParOldGen       total 171008K, used 32K [0x00000006c7400000, 0x00000006d1b00000, 0x000000076d180000)
  object space 171008K, 0% used [0x00000006c7400000,0x00000006c7408000,0x00000006d1b00000)
 Metaspace       used 19134K, capacity 19992K, committed 20096K, reserved 1067008K
  class space    used 2439K, capacity 2658K, committed 2688K, reserved 1048576K
}
Event: 2,290 GC heap before
{Heap before GC invocations=5 (full 0):
 PSYoungGen      total 268288K, used 76398K [0x000000076d180000, 0x000000077e180000, 0x00000007c0000000)
  eden space 258048K, 27% used [0x000000076d180000,0x000000077159d978,0x000000077cd80000)
  from space 10240K, 64% used [0x000000077d780000,0x000000077ddfe100,0x000000077e180000)
  to   space 10240K, 0% used [0x000000077cd80000,0x000000077cd80000,0x000000077d780000)
 ParOldGen       total 171008K, used 32K [0x00000006c7400000, 0x00000006d1b00000, 0x000000076d180000)
  object space 171008K, 0% used [0x00000006c7400000,0x00000006c7408000,0x00000006d1b00000)
 Metaspace       used 20330K, capacity 21246K, committed 21296K, reserved 1067008K
  class space    used 2611K, capacity 2843K, committed 2864K, reserved 1048576K

